==========Generating gen_beta_random libraray =========
==========Current trial No. 0 =========
		2 monomers after MC step 1
		Polymerization takes 0.0 min
	n_polymer 0 added on iteration no 0 
		2 monomers after MC step 1
		3 monomers after MC step 13
		3 monomers after MC step 19
		3 monomers after MC step 29
		3 monomers after MC step 46
		3 monomers after MC step 47
		3 monomers after MC step 52
		3 monomers after MC step 57
		3 monomers after MC step 59
		3 monomers after MC step 64
		3 monomers after MC step 92
		3 monomers after MC step 94
		3 monomers after MC step 96
		3 monomers after MC step 113
		3 monomers after MC step 120
		3 monomers after MC step 181
		3 monomers after MC step 184
		3 monomers after MC step 217
		3 monomers after MC step 231
		3 monomers after MC step 238
		3 monomers after MC step 275
		3 monomers after MC step 285
		3 monomers after MC step 302
		3 monomers after MC step 303
		3 monomers after MC step 308
		3 monomers after MC step 313
		3 monomers after MC step 315
		3 monomers after MC step 320
		3 monomers after MC step 348
		3 monomers after MC step 350
		3 monomers after MC step 352
		3 monomers after MC step 369
		3 monomers after MC step 376
		3 monomers after MC step 437
		3 monomers after MC step 440
		3 monomers after MC step 473
		3 monomers after MC step 487
		3 monomers after MC step 494
		3 monomers after MC step 531
		3 monomers after MC step 541
		3 monomers after MC step 558
		3 monomers after MC step 559
		3 monomers after MC step 564
		3 monomers after MC step 569
		3 monomers after MC step 571
		3 monomers after MC step 576
		3 monomers after MC step 604
		3 monomers after MC step 606
		3 monomers after MC step 608
		3 monomers after MC step 625
		3 monomers after MC step 632
		3 monomers after MC step 693
		3 monomers after MC step 696
		3 monomers after MC step 729
		3 monomers after MC step 743
		3 monomers after MC step 750
		3 monomers after MC step 787
		3 monomers after MC step 797
		3 monomers after MC step 814
		3 monomers after MC step 815
		3 monomers after MC step 820
		3 monomers after MC step 825
		3 monomers after MC step 827
		3 monomers after MC step 832
		3 monomers after MC step 860
		3 monomers after MC step 862
		3 monomers after MC step 864
		3 monomers after MC step 881
		3 monomers after MC step 888
		3 monomers after MC step 949
		3 monomers after MC step 952
		3 monomers after MC step 985
		3 monomers after MC step 999
		Polymerization takes 0.0 min
	n_polymer 1 added on iteration no 1 
		1 monomers after MC step 1
		2 monomers after MC step 2
		Polymerization takes 0.0 min
	n_polymer 2 added on iteration no 2 
		2 monomers after MC step 1
		3 monomers after MC step 37
		Polymerization takes 0.0 min
	n_polymer 3 added on iteration no 3 
		Polymerization takes 0.0 min
	n_polymer 4 added on iteration no 4 
		2 monomers after MC step 1
		Polymerization takes 0.0 min
	Polymer addition rejected
		2 monomers after MC step 1
		Polymerization takes 0.0 min
	n_polymer 5 added on iteration no 6 
		2 monomers after MC step 1
		Polymerization takes 0.0 min
	n_polymer 6 added on iteration no 7 
		2 monomers after MC step 1
		Polymerization takes 0.0 min
	n_polymer 7 added on iteration no 8 
		2 monomers after MC step 1
		3 monomers after MC step 6
		3 monomers after MC step 24
		3 monomers after MC step 26
		3 monomers after MC step 32
		3 monomers after MC step 47
		3 monomers after MC step 71
		3 monomers after MC step 90
		3 monomers after MC step 109
		3 monomers after MC step 128
		3 monomers after MC step 147
		3 monomers after MC step 166
		3 monomers after MC step 185
		3 monomers after MC step 204
		3 monomers after MC step 223
		3 monomers after MC step 242
		3 monomers after MC step 261
		3 monomers after MC step 280
		3 monomers after MC step 299
		3 monomers after MC step 318
		3 monomers after MC step 337
		3 monomers after MC step 356
		3 monomers after MC step 375
		3 monomers after MC step 394
		3 monomers after MC step 413
		3 monomers after MC step 432
		3 monomers after MC step 451
		3 monomers after MC step 470
		3 monomers after MC step 489
		3 monomers after MC step 508
		3 monomers after MC step 527
		3 monomers after MC step 546
		3 monomers after MC step 565
		3 monomers after MC step 584
		3 monomers after MC step 603
		3 monomers after MC step 622
		3 monomers after MC step 641
		3 monomers after MC step 660
		3 monomers after MC step 679
		3 monomers after MC step 698
		3 monomers after MC step 717
		3 monomers after MC step 736
		3 monomers after MC step 755
		3 monomers after MC step 774
		3 monomers after MC step 793
		3 monomers after MC step 812
		3 monomers after MC step 831
		3 monomers after MC step 850
		3 monomers after MC step 869
		3 monomers after MC step 888
		3 monomers after MC step 907
		3 monomers after MC step 926
		3 monomers after MC step 945
		3 monomers after MC step 964
		3 monomers after MC step 983
		Polymerization takes 0.0 min
	Polymer addition rejected
		1 monomers after MC step 1
		2 monomers after MC step 2
		Polymerization takes 0.0 min
	Polymer addition rejected
		2 monomers after MC step 1
		Polymerization takes 0.0 min
	Polymer addition rejected
		2 monomers after MC step 1
		3 monomers after MC step 3
		Polymerization takes 0.0 min
	n_polymer 8 added on iteration no 12 
		2 monomers after MC step 1
		Polymerization takes 0.0 min
	n_polymer 9 added on iteration no 13 
		2 monomers after MC step 2
		Polymerization takes 0.0 min
	n_polymer 10 added on iteration no 14 
		2 monomers after MC step 1
		3 monomers after MC step 8
		3 monomers after MC step 20
		3 monomers after MC step 23
		3 monomers after MC step 29
		3 monomers after MC step 36
		3 monomers after MC step 88
		3 monomers after MC step 112
		3 monomers after MC step 126
		3 monomers after MC step 137
		3 monomers after MC step 142
		3 monomers after MC step 151
		3 monomers after MC step 157
		3 monomers after MC step 158
		3 monomers after MC step 165
		3 monomers after MC step 176
		3 monomers after MC step 183
		3 monomers after MC step 189
		3 monomers after MC step 239
		3 monomers after MC step 254
		3 monomers after MC step 260
		3 monomers after MC step 268
		3 monomers after MC step 284
		3 monomers after MC step 287
		3 monomers after MC step 297
		3 monomers after MC step 299
		3 monomers after MC step 322
		3 monomers after MC step 327
		3 monomers after MC step 338
		3 monomers after MC step 345
		3 monomers after MC step 351
		3 monomers after MC step 401
		3 monomers after MC step 416
		3 monomers after MC step 422
		3 monomers after MC step 430
		3 monomers after MC step 446
		3 monomers after MC step 449
		3 monomers after MC step 459
		3 monomers after MC step 461
		3 monomers after MC step 484
		3 monomers after MC step 489
		3 monomers after MC step 500
		3 monomers after MC step 507
		3 monomers after MC step 513
		3 monomers after MC step 563
		3 monomers after MC step 578
		3 monomers after MC step 584
		3 monomers after MC step 592
		3 monomers after MC step 608
		3 monomers after MC step 611
		3 monomers after MC step 621
		3 monomers after MC step 623
		3 monomers after MC step 646
		3 monomers after MC step 651
		3 monomers after MC step 662
		3 monomers after MC step 669
		3 monomers after MC step 675
		3 monomers after MC step 725
		3 monomers after MC step 740
		3 monomers after MC step 746
		3 monomers after MC step 754
		3 monomers after MC step 770
		3 monomers after MC step 773
		3 monomers after MC step 783
		3 monomers after MC step 785
		3 monomers after MC step 808
		3 monomers after MC step 813
		3 monomers after MC step 824
		3 monomers after MC step 831
		3 monomers after MC step 837
		3 monomers after MC step 887
		3 monomers after MC step 902
		3 monomers after MC step 908
		3 monomers after MC step 916
		3 monomers after MC step 932
		3 monomers after MC step 935
		3 monomers after MC step 945
		3 monomers after MC step 947
		3 monomers after MC step 970
		3 monomers after MC step 975
		3 monomers after MC step 986
		3 monomers after MC step 993
		3 monomers after MC step 999
		Polymerization takes 0.0 min
	Polymer addition rejected
		Polymerization takes 0.0 min
	Polymer addition rejected
		2 monomers after MC step 1
		3 monomers after MC step 2
		Polymerization takes 0.0 min
	n_polymer 11 added on iteration no 17 
Runtime for creating all polymers : 0.13 minutes 
Target values:
{   '4-O-5': 0.0707070707070707,
    '5-5': 0.030303030303030304,
    'G': 0.3,
    'H': 0.0,
    'S': 0.7,
    'alpha-O-4': 0.0,
    'beta-1': 0.0,
    'beta-5': 0.0707070707070707,
    'beta-O-4': 0.7575757575757576,
    'beta-beta': 0.0707070707070707,
    'branching_coeff': 0.5}
Optimal simulated values:
{   '4-O-5': 0.15384615384615385,
    '5-5': 0.0,
    'G': 0.34210526315789475,
    'H': 0.0,
    'MW': 657.35275,
    'MW_weighted': 672.4856036109735,
    'S': 0.6578947368421053,
    'alpha-O-4': 0.0,
    'beta-1': 0.0,
    'beta-5': 0.0,
    'beta-O-4': 0.7307692307692307,
    'beta-beta': 0.11538461538461539,
    'branching_coeff': 0.07894736842105263,
    'monomer_count': 3.1666666666666665}

Acceptance Rates:
Monomer Acceptance: 0.0032171581769436996
Polymer Acceptance: 0.7058823529411765
Runtime for analyzing the results : 0.00 minutes 
